<?xml version="1.0" encoding="UTF-8"?>
<testng-results skipped="0" failed="0" ignored="0" total="2" passed="2">
  <reporter-output>
  </reporter-output>
  <suite name="Suite" duration-ms="48" started-at="2018-10-30T05:47:02Z" finished-at="2018-10-30T05:47:02Z">
    <groups>
    </groups>
    <test name="Test" duration-ms="48" started-at="2018-10-30T05:47:02Z" finished-at="2018-10-30T05:47:02Z">
      <class name="com.test.tests.TestSample">
        <test-method status="PASS" signature="test1()[pri:0, instance:com.test.tests.TestSample@4678c730]" name="test1" duration-ms="13" started-at="2018-10-30T05:47:02Z" finished-at="2018-10-30T05:47:02Z">
          <reporter-output>
          </reporter-output>
        </test-method> <!-- test1 -->
        <test-method status="PASS" signature="test2()[pri:0, instance:com.test.tests.TestSample@4678c730]" name="test2" duration-ms="0" started-at="2018-10-30T05:47:02Z" finished-at="2018-10-30T05:47:02Z">
          <reporter-output>
          </reporter-output>
        </test-method> <!-- test2 -->
      </class> <!-- com.test.tests.TestSample -->
    </test> <!-- Test -->
  </suite> <!-- Suite -->
</testng-results>
